{"name": "test_case_01", "status": "failed", "statusDetails": {"message": "AssertionError: assert 0", "trace": "@allure.feature('test_module_01')\n    def test_case_01():\n        \"\"\"\n        用例描述：Test case 01\n        \"\"\"\n>       assert 0\nE       assert 0\n\ntest_01.py:10: AssertionError"}, "description": "\n    用例描述：Test case 01\n    ", "start": 1566803520377, "stop": 1566803520378, "uuid": "8ca6cd95-a0f8-47b4-be6a-3d7cf407390a", "historyId": "11a5147902f536ce01434a0e6fc2d2fc", "testCaseId": "323f5c158a5ef81d0c2dfbfea72f8f93", "fullName": "test_01#test_case_01", "labels": [{"name": "feature", "value": "test_module_01"}, {"name": "parentSuite"}, {"name": "suite", "value": "test_01"}, {"name": "subSuite"}, {"name": "host", "value": "work-limeng"}, {"name": "thread", "value": "81260-MainThread"}, {"name": "framework", "value": "pytest"}, {"name": "language", "value": "cpython3"}, {"name": "package", "value": "test_01"}]}